-------------------------------------------------------------------------------
Test set: bgu.spl.tests.MessageBusTest
-------------------------------------------------------------------------------
Tests run: 7, Failures: 1, Errors: 1, Skipped: 0, Time elapsed: 0.027 s <<< FAILURE! -- in bgu.spl.tests.MessageBusTest
bgu.spl.tests.MessageBusTest.testSubscribeEvent -- Time elapsed: 0.009 s <<< FAILURE!
org.opentest4j.AssertionFailedError: expected: not <null>
	at org.junit.jupiter.api.AssertionFailureBuilder.build(AssertionFailureBuilder.java:152)
	at org.junit.jupiter.api.AssertionFailureBuilder.buildAndThrow(AssertionFailureBuilder.java:132)
	at org.junit.jupiter.api.AssertNotNull.failNull(AssertNotNull.java:49)
	at org.junit.jupiter.api.AssertNotNull.assertNotNull(AssertNotNull.java:35)
	at org.junit.jupiter.api.AssertNotNull.assertNotNull(AssertNotNull.java:30)
	at org.junit.jupiter.api.Assertions.assertNotNull(Assertions.java:300)
	at bgu.spl.tests.MessageBusTest.testSubscribeEvent(MessageBusTest.java:73)
	at java.base/java.lang.reflect.Method.invoke(Method.java:568)
	at java.base/java.util.ArrayList.forEach(ArrayList.java:1511)
	at java.base/java.util.ArrayList.forEach(ArrayList.java:1511)

bgu.spl.tests.MessageBusTest.testRegisterAndSendEvent -- Time elapsed: 0.002 s <<< ERROR!
java.lang.NullPointerException: Cannot invoke "bgu.spl.mics.Future.get()" because "future" is null
	at bgu.spl.tests.MessageBusTest.testRegisterAndSendEvent(MessageBusTest.java:57)
	at java.base/java.lang.reflect.Method.invoke(Method.java:568)
	at java.base/java.util.ArrayList.forEach(ArrayList.java:1511)
	at java.base/java.util.ArrayList.forEach(ArrayList.java:1511)

