<?xml version="1.0" encoding="UTF-8"?>
<testsuite xmlns:xsi="http://www.w3.org/2001/XMLSchema-instance" xsi:noNamespaceSchemaLocation="https://maven.apache.org/surefire/maven-surefire-plugin/xsd/surefire-test-report-3.0.xsd" version="3.0" name="bgu.spl.tests.FusionSlamTest" time="0.038" tests="5" errors="1" skipped="0" failures="1">
  <properties>
[...]
</properties>
  <testcase name="testGlobalCoordinatesTransformation" classname="bgu.spl.tests.FusionSlamTest" time="0.013"/>
  <testcase name="testAddNewLandmark" classname="bgu.spl.tests.FusionSlamTest" time="0.002"/>
  <testcase name="testUpdateExistingLandmark" classname="bgu.spl.tests.FusionSlamTest" time="0.006">
    <failure message="expected: &lt;1&gt; but was: &lt;0&gt;" type="org.opentest4j.AssertionFailedError"><![CDATA[org.opentest4j.AssertionFailedError: expected: <1> but was: <0>
	at org.junit.jupiter.api.AssertionFailureBuilder.build(AssertionFailureBuilder.java:151)
	at org.junit.jupiter.api.AssertionFailureBuilder.buildAndThrow(AssertionFailureBuilder.java:132)
	at org.junit.jupiter.api.AssertEquals.failNotEqual(AssertEquals.java:197)
	at org.junit.jupiter.api.AssertEquals.assertEquals(AssertEquals.java:150)
	at org.junit.jupiter.api.AssertEquals.assertEquals(AssertEquals.java:145)
	at org.junit.jupiter.api.Assertions.assertEquals(Assertions.java:527)
	at bgu.spl.tests.FusionSlamTest.testUpdateExistingLandmark(FusionSlamTest.java:69)
	at java.base/java.lang.reflect.Method.invoke(Method.java:568)
	at java.base/java.util.ArrayList.forEach(ArrayList.java:1511)
	at java.base/java.util.ArrayList.forEach(ArrayList.java:1511)
]]></failure>
  </testcase>
  <testcase name="testTrackedObjectsStatistics" classname="bgu.spl.tests.FusionSlamTest" time="0.004">
    <error message="Cannot invoke &quot;bgu.spl.mics.application.objects.Pose.getX()&quot; because &quot;currentPose&quot; is null" type="java.lang.NullPointerException"><![CDATA[java.lang.NullPointerException: Cannot invoke "bgu.spl.mics.application.objects.Pose.getX()" because "currentPose" is null
	at bgu.spl.mics.application.objects.FusionSlam.transformToGlobalFrame(FusionSlam.java:70)
	at bgu.spl.mics.application.services.FusionSlamService.processTrackedObjects(FusionSlamService.java:149)
	at bgu.spl.tests.FusionSlamTest.testTrackedObjectsStatistics(FusionSlamTest.java:116)
	at java.base/java.lang.reflect.Method.invoke(Method.java:568)
	at java.base/java.util.ArrayList.forEach(ArrayList.java:1511)
	at java.base/java.util.ArrayList.forEach(ArrayList.java:1511)
]]></error>
  </testcase>
  <testcase name="testEmptyTrackedObjectsList" classname="bgu.spl.tests.FusionSlamTest" time="0.003"/>
</testsuite>